# JRE version: OpenJDK Runtime Environment (8.0_242-b01) (build 1.8.0_242-release-1644-b01)
# Java VM: OpenJDK 64-Bit Server VM (25.242-b01 mixed mode windows-amd64 compressed oops)
Heap:
 PSYoungGen      total 638464K, used 480800K [0x00000000d5580000, 0x00000000ffc00000, 0x0000000100000000)
  eden space 582144K, 76% used [0x00000000d5580000,0x00000000f0a65650,0x00000000f8e00000)
  from space 56320K, 59% used [0x00000000f8e00000,0x00000000faea29d0,0x00000000fc500000)
  to   space 55296K, 0% used [0x00000000fc600000,0x00000000fc600000,0x00000000ffc00000)
 ParOldGen       total 403968K, used 331478K [0x0000000080000000, 0x0000000098a80000, 0x00000000d5580000)
  object space 403968K, 82% used [0x0000000080000000,0x00000000943b5888,0x0000000098a80000)
 Metaspace       used 100787K, capacity 105816K, committed 106136K, reserved 1140736K
  class space    used 13199K, capacity 14152K, committed 14256K, reserved 1048576K
GC Heap History (10 events):
Event: 47.240 GC heap before
{Heap before GC invocations=44 (full 5):
 PSYoungGen      total 637952K, used 613959K [0x00000000d5580000, 0x0000000100000000, 0x0000000100000000)
  eden space 579072K, 100% used [0x00000000d5580000,0x00000000f8b00000,0x00000000f8b00000)
  from space 58880K, 59% used [0x00000000fc500000,0x00000000fe711c30,0x00000000ffe80000)
  to   space 59392K, 0% used [0x00000000f8b00000,0x00000000f8b00000,0x00000000fc500000)
 ParOldGen       total 403968K, used 321583K [0x0000000080000000, 0x0000000098a80000, 0x00000000d5580000)
  object space 403968K, 79% used [0x0000000080000000,0x0000000093a0be88,0x0000000098a80000)
 Metaspace       used 95720K, capacity 100418K, committed 100888K, reserved 1136640K
  class space    used 12813K, capacity 13703K, committed 13872K, reserved 1048576K
Event: 47.248 GC heap after
Heap after GC invocations=44 (full 5):
 PSYoungGen      total 638464K, used 36706K [0x00000000d5580000, 0x0000000100000000, 0x0000000100000000)
  eden space 579072K, 0% used [0x00000000d5580000,0x00000000d5580000,0x00000000f8b00000)
  from space 59392K, 61% used [0x00000000f8b00000,0x00000000faed8b48,0x00000000fc500000)
  to   space 59904K, 0% used [0x00000000fc580000,0x00000000fc580000,0x0000000100000000)
 ParOldGen       total 403968K, used 321583K [0x0000000080000000, 0x0000000098a80000, 0x00000000d5580000)
  object space 403968K, 79% used [0x0000000080000000,0x0000000093a0be88,0x0000000098a80000)
 Metaspace       used 95720K, capacity 100418K, committed 100888K, reserved 1136640K
  class space    used 12813K, capacity 13703K, committed 13872K, reserved 1048576K
}
Event: 47.685 GC heap before
{Heap before GC invocations=45 (full 5):
 PSYoungGen      total 638464K, used 615778K [0x00000000d5580000, 0x0000000100000000, 0x0000000100000000)
  eden space 579072K, 100% used [0x00000000d5580000,0x00000000f8b00000,0x00000000f8b00000)
  from space 59392K, 61% used [0x00000000f8b00000,0x00000000faed8b48,0x00000000fc500000)
  to   space 59904K, 0% used [0x00000000fc580000,0x00000000fc580000,0x0000000100000000)
 ParOldGen       total 403968K, used 321583K [0x0000000080000000, 0x0000000098a80000, 0x00000000d5580000)
  object space 403968K, 79% used [0x0000000080000000,0x0000000093a0be88,0x0000000098a80000)
 Metaspace       used 95720K, capacity 100418K, committed 100888K, reserved 1136640K
  class space    used 12813K, capacity 13703K, committed 13872K, reserved 1048576K
Event: 47.694 GC heap after
Heap after GC invocations=45 (full 5):
 PSYoungGen      total 638976K, used 34526K [0x00000000d5580000, 0x00000000fff80000, 0x0000000100000000)
  eden space 579584K, 0% used [0x00000000d5580000,0x00000000d5580000,0x00000000f8b80000)
  from space 59392K, 58% used [0x00000000fc580000,0x00000000fe737a10,0x00000000fff80000)
  to   space 59392K, 0% used [0x00000000f8b80000,0x00000000f8b80000,0x00000000fc580000)
 ParOldGen       total 403968K, used 324695K [0x0000000080000000, 0x0000000098a80000, 0x00000000d5580000)
  object space 403968K, 80% used [0x0000000080000000,0x0000000093d15fc8,0x0000000098a80000)
 Metaspace       used 95720K, capacity 100418K, committed 100888K, reserved 1136640K
  class space    used 12813K, capacity 13703K, committed 13872K, reserved 1048576K
}
Event: 48.112 GC heap before
{Heap before GC invocations=46 (full 5):
 PSYoungGen      total 638976K, used 614110K [0x00000000d5580000, 0x00000000fff80000, 0x0000000100000000)
  eden space 579584K, 100% used [0x00000000d5580000,0x00000000f8b80000,0x00000000f8b80000)
  from space 59392K, 58% used [0x00000000fc580000,0x00000000fe737a10,0x00000000fff80000)
  to   space 59392K, 0% used [0x00000000f8b80000,0x00000000f8b80000,0x00000000fc580000)
 ParOldGen       total 403968K, used 324695K [0x0000000080000000, 0x0000000098a80000, 0x00000000d5580000)
  object space 403968K, 80% used [0x0000000080000000,0x0000000093d15fc8,0x0000000098a80000)
 Metaspace       used 95724K, capacity 100424K, committed 100888K, reserved 1136640K
  class space    used 12813K, capacity 13704K, committed 13872K, reserved 1048576K
Event: 48.120 GC heap after
Heap after GC invocations=46 (full 5):
 PSYoungGen      total 612864K, used 32794K [0x00000000d5580000, 0x00000000ffe00000, 0x0000000100000000)
  eden space 579584K, 0% used [0x00000000d5580000,0x00000000d5580000,0x00000000f8b80000)
  from space 33280K, 98% used [0x00000000f8b80000,0x00000000fab869a0,0x00000000fac00000)
  to   space 58368K, 0% used [0x00000000fc500000,0x00000000fc500000,0x00000000ffe00000)
 ParOldGen       total 403968K, used 327441K [0x0000000080000000, 0x0000000098a80000, 0x00000000d5580000)
  object space 403968K, 81% used [0x0000000080000000,0x0000000093fc4748,0x0000000098a80000)
 Metaspace       used 95724K, capacity 100424K, committed 100888K, reserved 1136640K
  class space    used 12813K, capacity 13704K, committed 13872K, reserved 1048576K
}
Event: 48.546 GC heap before
{Heap before GC invocations=47 (full 5):
 PSYoungGen      total 612864K, used 612378K [0x00000000d5580000, 0x00000000ffe00000, 0x0000000100000000)
  eden space 579584K, 100% used [0x00000000d5580000,0x00000000f8b80000,0x00000000f8b80000)
  from space 33280K, 98% used [0x00000000f8b80000,0x00000000fab869a0,0x00000000fac00000)
  to   space 58368K, 0% used [0x00000000fc500000,0x00000000fc500000,0x00000000ffe00000)
 ParOldGen       total 403968K, used 327441K [0x0000000080000000, 0x0000000098a80000, 0x00000000d5580000)
  object space 403968K, 81% used [0x0000000080000000,0x0000000093fc4748,0x0000000098a80000)
 Metaspace       used 95724K, capacity 100424K, committed 100888K, reserved 1136640K
  class space    used 12813K, capacity 13704K, committed 13872K, reserved 1048576K
Event: 48.554 GC heap after
Heap after GC invocations=47 (full 5):
 PSYoungGen      total 640512K, used 30670K [0x00000000d5580000, 0x0000000100000000, 0x0000000100000000)
  eden space 582144K, 0% used [0x00000000d5580000,0x00000000d5580000,0x00000000f8e00000)
  from space 58368K, 52% used [0x00000000fc500000,0x00000000fe2f39c0,0x00000000ffe00000)
  to   space 56320K, 0% used [0x00000000f8e00000,0x00000000f8e00000,0x00000000fc500000)
 ParOldGen       total 403968K, used 330454K [0x0000000080000000, 0x0000000098a80000, 0x00000000d5580000)
  object space 403968K, 81% used [0x0000000080000000,0x00000000942b5830,0x0000000098a80000)
 Metaspace       used 95724K, capacity 100424K, committed 100888K, reserved 1136640K
  class space    used 12813K, capacity 13704K, committed 13872K, reserved 1048576K
}
Event: 66.511 GC heap before
{Heap before GC invocations=48 (full 5):
 PSYoungGen      total 640512K, used 612814K [0x00000000d5580000, 0x0000000100000000, 0x0000000100000000)
  eden space 582144K, 100% used [0x00000000d5580000,0x00000000f8e00000,0x00000000f8e00000)
  from space 58368K, 52% used [0x00000000fc500000,0x00000000fe2f39c0,0x00000000ffe00000)
  to   space 56320K, 0% used [0x00000000f8e00000,0x00000000f8e00000,0x00000000fc500000)
 ParOldGen       total 403968K, used 330454K [0x0000000080000000, 0x0000000098a80000, 0x00000000d5580000)
  object space 403968K, 81% used [0x0000000080000000,0x00000000942b5830,0x0000000098a80000)
 Metaspace       used 99232K, capacity 104080K, committed 104472K, reserved 1140736K
  class space    used 13070K, capacity 14016K, committed 14128K, reserved 1048576K
Event: 66.530 GC heap after
Heap after GC invocations=48 (full 5):
 PSYoungGen      total 638464K, used 33418K [0x00000000d5580000, 0x00000000ffc00000, 0x0000000100000000)
  eden space 582144K, 0% used [0x00000000d5580000,0x00000000d5580000,0x00000000f8e00000)
  from space 56320K, 59% used [0x00000000f8e00000,0x00000000faea29d0,0x00000000fc500000)
  to   space 55296K, 0% used [0x00000000fc600000,0x00000000fc600000,0x00000000ffc00000)
 ParOldGen       total 403968K, used 331478K [0x0000000080000000, 0x0000000098a80000, 0x00000000d5580000)
  object space 403968K, 82% used [0x0000000080000000,0x00000000943b5888,0x0000000098a80000)
 Metaspace       used 99232K, capacity 104080K, committed 104472K, reserved 1140736K
  class space    used 13070K, capacity 14016K, committed 14128K, reserved 1048576K
}

